e:\hyx\expolit\ciphermaker\ciphermaker\debug\ciphermaker.pch
e:\hyx\expolit\ciphermaker\ciphermaker\debug\vc120.pdb
e:\hyx\expolit\ciphermaker\ciphermaker\debug\vc120.idb
e:\hyx\expolit\ciphermaker\ciphermaker\debug\stdafx.obj
e:\hyx\expolit\ciphermaker\ciphermaker\debug\ciphermaker.obj
e:\hyx\expolit\ciphermaker\ciphermaker\debug\ciphermakerdlg.obj
e:\hyx\expolit\ciphermaker\ciphermaker\debug\configdlg.obj
e:\hyx\expolit\ciphermaker\ciphermaker\debug\decryptdlg.obj
e:\hyx\expolit\ciphermaker\ciphermaker\debug\encryptdlg.obj
e:\hyx\expolit\ciphermaker\debug\ciphermaker.ilk
e:\hyx\expolit\ciphermaker\debug\ciphermaker.exe
e:\hyx\expolit\ciphermaker\debug\ciphermaker.pdb
e:\hyx\expolit\ciphermaker\ciphermaker\debug\ciphermaker.res
e:\hyx\expolit\ciphermaker\ciphermaker\debug\ciphermaker.tlog\cl.command.1.tlog
e:\hyx\expolit\ciphermaker\ciphermaker\debug\ciphermaker.tlog\cl.read.1.tlog
e:\hyx\expolit\ciphermaker\ciphermaker\debug\ciphermaker.tlog\cl.write.1.tlog
e:\hyx\expolit\ciphermaker\ciphermaker\debug\ciphermaker.tlog\link.command.1.tlog
e:\hyx\expolit\ciphermaker\ciphermaker\debug\ciphermaker.tlog\link.read.1.tlog
e:\hyx\expolit\ciphermaker\ciphermaker\debug\ciphermaker.tlog\link.write.1.tlog
e:\hyx\expolit\ciphermaker\ciphermaker\debug\ciphermaker.tlog\rc.command.1.tlog
e:\hyx\expolit\ciphermaker\ciphermaker\debug\ciphermaker.tlog\rc.read.1.tlog
e:\hyx\expolit\ciphermaker\ciphermaker\debug\ciphermaker.tlog\rc.write.1.tlog
