生成启动时间为 2018/1/7 18:09:28。
     1>项目“E:\HYX\Expolit\CipherMaker\CipherMaker\CipherMaker.vcxproj”在节点 2 上(Rebuild 个目标)。
     1>ClCompile:
         D:\Program Files (x86)\Microsoft Visual Studio 12.0\VC\bin\CL.exe /c /Zi /nologo /W3 /WX- /sdl /O2 /Oi /Ot /Oy- /GL /D WIN32 /D _WINDOWS /D NDEBUG /D _UNICODE /D UNICODE /D _AFXDLL /Gm- /EHsc /MD /GS /Gy /fp:precise /Zc:wchar_t /Zc:forScope /Yc"stdafx.h" /Fp"Release\CipherMaker.pch" /Fo"Release\\" /Fd"Release\vc120.pdb" /Gd /TP /analyze- /errorReport:prompt stdafx.cpp
         stdafx.cpp
         D:\Program Files (x86)\Microsoft Visual Studio 12.0\VC\bin\CL.exe /c /Zi /nologo /W3 /WX- /sdl /O2 /Oi /Ot /Oy- /GL /D WIN32 /D _WINDOWS /D NDEBUG /D _UNICODE /D UNICODE /D _AFXDLL /Gm- /EHsc /MD /GS /Gy /fp:precise /Zc:wchar_t /Zc:forScope /Yu"stdafx.h" /Fp"Release\CipherMaker.pch" /Fo"Release\\" /Fd"Release\vc120.pdb" /Gd /TP /analyze- /errorReport:prompt CipherMaker.cpp CipherMakerDlg.cpp ConfigDlg.cpp DeCryptDlg.cpp EnCryptDlg.cpp
         CipherMaker.cpp
         CipherMakerDlg.cpp
         ConfigDlg.cpp
         DeCryptDlg.cpp
         EnCryptDlg.cpp
       ResourceCompile:
         C:\Program Files (x86)\Windows Kits\8.1\bin\x86\rc.exe /D NDEBUG /D _UNICODE /D UNICODE /D _AFXDLL /l"0x0409" /IRelease\ /nologo /fo"Release\CipherMaker.res" CipherMaker.rc 
       Link:
         D:\Program Files (x86)\Microsoft Visual Studio 12.0\VC\bin\link.exe /ERRORREPORT:PROMPT /OUT:"E:\HYX\Expolit\CipherMaker\Release\CipherMaker.exe" /INCREMENTAL:NO /NOLOGO /MANIFEST /MANIFESTUAC:"level='asInvoker' uiAccess='false'" /manifest:embed /manifestinput:"D:\Program Files (x86)\Microsoft Visual Studio 12.0\VC\Include\Manifest\dpiaware.manifest" /DEBUG /PDB:"E:\HYX\Expolit\CipherMaker\Release\CipherMaker.pdb" /SUBSYSTEM:WINDOWS /OPT:REF /OPT:ICF /LTCG /TLBID:1 /ENTRY:"wWinMainCRTStartup" /DYNAMICBASE /NXCOMPAT /IMPLIB:"E:\HYX\Expolit\CipherMaker\Release\CipherMaker.lib" /MACHINE:X86 /SAFESEH Release\CipherMaker.res
         Release\CipherMaker.obj
         Release\CipherMakerDlg.obj
         Release\ConfigDlg.obj
         Release\DeCryptDlg.obj
         Release\EnCryptDlg.obj
         Release\stdafx.obj
         正在生成代码
         已完成代码的生成
         CipherMaker.vcxproj -> E:\HYX\Expolit\CipherMaker\Release\CipherMaker.exe
     1>已完成生成项目“E:\HYX\Expolit\CipherMaker\CipherMaker\CipherMaker.vcxproj”(Rebuild 个目标)的操作。

生成成功。

已用时间 00:00:12.96
