d:\初梦equinox\tools\exploit\ciphermaker\ciphermaker\release\vc120.pdb
d:\初梦equinox\tools\exploit\ciphermaker\ciphermaker\release\encryptdlg.obj
d:\初梦equinox\tools\exploit\ciphermaker\ciphermaker\release\decryptdlg.obj
d:\初梦equinox\tools\exploit\ciphermaker\ciphermaker\release\configdlg.obj
d:\初梦equinox\tools\exploit\ciphermaker\ciphermaker\release\ciphermaker.pch
d:\初梦equinox\tools\exploit\ciphermaker\ciphermaker\release\stdafx.obj
d:\初梦equinox\tools\exploit\ciphermaker\ciphermaker\release\ciphermakerdlg.obj
d:\初梦equinox\tools\exploit\ciphermaker\ciphermaker\release\ciphermaker.obj
d:\初梦equinox\tools\exploit\ciphermaker\release\ciphermaker.exe
d:\初梦equinox\tools\exploit\ciphermaker\release\ciphermaker.pdb
d:\初梦equinox\tools\exploit\ciphermaker\ciphermaker\release\ciphermaker.res
d:\初梦equinox\tools\exploit\ciphermaker\ciphermaker\release\ciphermaker.tlog\cl.command.1.tlog
d:\初梦equinox\tools\exploit\ciphermaker\ciphermaker\release\ciphermaker.tlog\cl.read.1.tlog
d:\初梦equinox\tools\exploit\ciphermaker\ciphermaker\release\ciphermaker.tlog\cl.write.1.tlog
d:\初梦equinox\tools\exploit\ciphermaker\ciphermaker\release\ciphermaker.tlog\link.command.1.tlog
d:\初梦equinox\tools\exploit\ciphermaker\ciphermaker\release\ciphermaker.tlog\link.read.1.tlog
d:\初梦equinox\tools\exploit\ciphermaker\ciphermaker\release\ciphermaker.tlog\link.write.1.tlog
d:\初梦equinox\tools\exploit\ciphermaker\ciphermaker\release\ciphermaker.tlog\rc.command.1.tlog
d:\初梦equinox\tools\exploit\ciphermaker\ciphermaker\release\ciphermaker.tlog\rc.read.1.tlog
d:\初梦equinox\tools\exploit\ciphermaker\ciphermaker\release\ciphermaker.tlog\rc.write.1.tlog
